<?xml version="1.0" encoding="UTF-8"?>
<!-- Generated by org.testng.reporters.JUnitReportReporter -->
<testsuite hostname="ashish" failures="0" tests="1" name="testCases.TC_LiveList_003" time="22.385" errors="0" timestamp="2025-08-14T13:40:07 IST" skipped="0">
  <testcase classname="testCases.TC_LiveList_003" name="test_leave_list_search" time="22.385"/>
</testsuite> <!-- testCases.TC_LiveList_003 -->
