<?xml version="1.0" encoding="UTF-8"?>
<!-- Generated by org.testng.reporters.JUnitReportReporter -->
<testsuite hostname="ashish" failures="0" tests="1" name="testCases.TC_Login_001" time="4.500" errors="0" timestamp="2025-08-15T12:57:00 IST" skipped="0">
  <testcase classname="testCases.TC_Login_001" name="testLogin" time="4.500"/>
</testsuite> <!-- testCases.TC_Login_001 -->
