<?xml version="1.0" encoding="UTF-8"?>
<!-- Generated by org.testng.reporters.JUnitReportReporter -->
<testsuite hostname="ashish" failures="0" tests="1" name="testCases.TC_InvalidLogin_002" time="1.906" errors="0" timestamp="2025-08-14T13:50:45 IST" skipped="0">
  <testcase classname="testCases.TC_InvalidLogin_002" name="test_blank_login" time="1.906"/>
</testsuite> <!-- testCases.TC_InvalidLogin_002 -->
