<?xml version="1.0" encoding="UTF-8"?>
<!-- Generated by org.testng.reporters.JUnitReportReporter -->
<testsuite hostname="ashish" failures="0" tests="1" name="testCases.TC_InvalidLogin_002" time="2.818" errors="0" timestamp="2025-08-14T08:02:51 IST" skipped="0">
  <testcase classname="testCases.TC_InvalidLogin_002" name="test_blank_login" time="2.818"/>
</testsuite> <!-- testCases.TC_InvalidLogin_002 -->
