<?xml version="1.0" encoding="UTF-8"?>
<!-- Generated by org.testng.reporters.JUnitReportReporter -->
<testsuite hostname="ashish" failures="0" tests="1" name="testCases.TC_Blank_login__003" time="3.636" errors="0" timestamp="2025-08-15T12:57:00 IST" skipped="0">
  <testcase classname="testCases.TC_Blank_login__003" name="verifyInvalidLogin" time="3.636"/>
</testsuite> <!-- testCases.TC_Blank_login__003 -->
