<?xml version="1.0" encoding="UTF-8"?>
<!-- Generated by org.testng.reporters.JUnitReportReporter -->
<testsuite hostname="ashish" failures="0" tests="1" name="testCases.TC_Login_001" time="4.023" errors="0" timestamp="2025-08-14T12:04:32 IST" skipped="0">
  <testcase classname="testCases.TC_Login_001" name="testLogin" time="4.023"/>
</testsuite> <!-- testCases.TC_Login_001 -->
